<?xml version="1.0" encoding="UTF-8"?>
<testng-results skipped="0" failed="0" ignored="0" total="2" passed="2">
  <reporter-output>
  </reporter-output>
  <suite name="Default suite" duration-ms="1850" started-at="2017-12-11T00:11:09Z" finished-at="2017-12-11T00:11:11Z">
    <groups>
    </groups>
    <test name="Default test" duration-ms="1850" started-at="2017-12-11T00:11:09Z" finished-at="2017-12-11T00:11:11Z">
      <class name="apiTesting.com.test.apiTest.WheatherGetRequest">
        <test-method status="PASS" signature="Test_01()[pri:0, instance:apiTesting.com.test.apiTest.WheatherGetRequest@7823a2f9]" name="Test_01" duration-ms="1355" started-at="2017-12-10T16:11:09Z" finished-at="2017-12-10T16:11:11Z">
          <reporter-output>
          </reporter-output>
        </test-method> <!-- Test_01 -->
        <test-method status="PASS" signature="Test_02()[pri:0, instance:apiTesting.com.test.apiTest.WheatherGetRequest@7823a2f9]" name="Test_02" duration-ms="480" started-at="2017-12-10T16:11:11Z" finished-at="2017-12-10T16:11:11Z">
          <reporter-output>
          </reporter-output>
        </test-method> <!-- Test_02 -->
      </class> <!-- apiTesting.com.test.apiTest.WheatherGetRequest -->
    </test> <!-- Default test -->
  </suite> <!-- Default suite -->
</testng-results>
